[INFO] [2017-04-28 12:10:07][org.springframework.web.context.ContextLoader]Root WebApplicationContext: initialization started
[INFO] [2017-04-28 12:10:07][org.springframework.web.context.support.XmlWebApplicationContext]Refreshing Root WebApplicationContext: startup date [Fri Apr 28 12:10:07 CST 2017]; root of context hierarchy
[INFO] [2017-04-28 12:10:07][org.springframework.beans.factory.xml.XmlBeanDefinitionReader]Loading XML bean definitions from URL [jar:file:/Users/yangxiaoshuo/Desktop/mmybase/mm-web/target/mm-web-1.0/WEB-INF/lib/mm-dao-1.0.jar!/spring-mybatis.xml]
[INFO] [2017-04-28 12:10:08][org.springframework.beans.factory.annotation.AutowiredAnnotationBeanPostProcessor]JSR-330 'javax.inject.Inject' annotation found and supported for autowiring
[INFO] [2017-04-28 12:10:09][org.springframework.scheduling.concurrent.ThreadPoolTaskExecutor]Initializing ExecutorService 
[INFO] [2017-04-28 12:10:09][org.springframework.context.support.PostProcessorRegistrationDelegate$BeanPostProcessorChecker]Bean 'executor' of type [org.springframework.scheduling.config.TaskExecutorFactoryBean] is not eligible for getting processed by all BeanPostProcessors (for example: not eligible for auto-proxying)
[INFO] [2017-04-28 12:10:09][org.springframework.context.support.PostProcessorRegistrationDelegate$BeanPostProcessorChecker]Bean 'executor' of type [org.springframework.scheduling.concurrent.ThreadPoolTaskExecutor] is not eligible for getting processed by all BeanPostProcessors (for example: not eligible for auto-proxying)
[INFO] [2017-04-28 12:10:09][org.springframework.scheduling.concurrent.ThreadPoolTaskScheduler]Initializing ExecutorService  'scheduler'
[INFO] [2017-04-28 12:10:09][org.springframework.context.support.PostProcessorRegistrationDelegate$BeanPostProcessorChecker]Bean 'scheduler' of type [org.springframework.scheduling.concurrent.ThreadPoolTaskScheduler] is not eligible for getting processed by all BeanPostProcessors (for example: not eligible for auto-proxying)
[INFO] [2017-04-28 12:10:10][com.alibaba.druid.pool.DruidDataSource]{dataSource-1} inited
[INFO] [2017-04-28 12:10:11][org.springframework.web.context.ContextLoader]Root WebApplicationContext: initialization completed in 3768 ms
[INFO] [2017-04-28 12:10:11][org.springframework.web.servlet.DispatcherServlet]FrameworkServlet 'springServlet': initialization started
[INFO] [2017-04-28 12:10:11][org.springframework.web.context.support.XmlWebApplicationContext]Refreshing WebApplicationContext for namespace 'springServlet-servlet': startup date [Fri Apr 28 12:10:11 CST 2017]; parent: Root WebApplicationContext
[INFO] [2017-04-28 12:10:11][org.springframework.beans.factory.xml.XmlBeanDefinitionReader]Loading XML bean definitions from file [/Users/yangxiaoshuo/Desktop/mmybase/mm-web/target/mm-web-1.0/WEB-INF/classes/springmvc.xml]
[INFO] [2017-04-28 12:10:12][org.springframework.beans.factory.annotation.AutowiredAnnotationBeanPostProcessor]JSR-330 'javax.inject.Inject' annotation found and supported for autowiring
[INFO] [2017-04-28 12:10:12][org.springframework.web.servlet.mvc.method.annotation.RequestMappingHandlerMapping]Mapped "{[/user.ac]}" onto public void com.t.controller.UserController.TestUser(javax.servlet.http.HttpServletResponse)
[INFO] [2017-04-28 12:10:12][org.hibernate.validator.internal.util.Version]HV000001: Hibernate Validator 5.4.0.Final
[INFO] [2017-04-28 12:10:13][org.springframework.web.servlet.mvc.method.annotation.RequestMappingHandlerAdapter]Looking for @ControllerAdvice: WebApplicationContext for namespace 'springServlet-servlet': startup date [Fri Apr 28 12:10:11 CST 2017]; parent: Root WebApplicationContext
[INFO] [2017-04-28 12:10:13][org.springframework.web.servlet.mvc.method.annotation.RequestMappingHandlerAdapter]Looking for @ControllerAdvice: WebApplicationContext for namespace 'springServlet-servlet': startup date [Fri Apr 28 12:10:11 CST 2017]; parent: Root WebApplicationContext
[INFO] [2017-04-28 12:10:14][org.springframework.web.servlet.handler.SimpleUrlHandlerMapping]Mapped URL path [/**] onto handler 'org.springframework.web.servlet.resource.DefaultServletHttpRequestHandler#0'
[INFO] [2017-04-28 12:10:14][org.springframework.web.servlet.handler.SimpleUrlHandlerMapping]Mapped URL path [/static/**] onto handler 'org.springframework.web.servlet.resource.ResourceHttpRequestHandler#0'
[INFO] [2017-04-28 12:10:14][org.springframework.web.servlet.handler.SimpleUrlHandlerMapping]Root mapping to handler of type [class org.springframework.web.servlet.mvc.ParameterizableViewController]
[INFO] [2017-04-28 12:10:14][org.springframework.web.servlet.DispatcherServlet]FrameworkServlet 'springServlet': initialization completed in 2989 ms
[INFO] [2017-04-28 12:14:31][org.springframework.web.context.ContextLoader]Root WebApplicationContext: initialization started
[INFO] [2017-04-28 12:14:32][org.springframework.web.context.support.XmlWebApplicationContext]Refreshing Root WebApplicationContext: startup date [Fri Apr 28 12:14:32 CST 2017]; root of context hierarchy
[INFO] [2017-04-28 12:14:32][org.springframework.beans.factory.xml.XmlBeanDefinitionReader]Loading XML bean definitions from URL [jar:file:/Users/yangxiaoshuo/Desktop/mmybase/mm-web/target/mm-web-1.0/WEB-INF/lib/mm-dao-1.0.jar!/spring-mybatis.xml]
[INFO] [2017-04-28 12:14:33][org.springframework.beans.factory.annotation.AutowiredAnnotationBeanPostProcessor]JSR-330 'javax.inject.Inject' annotation found and supported for autowiring
[INFO] [2017-04-28 12:14:33][org.springframework.scheduling.concurrent.ThreadPoolTaskExecutor]Initializing ExecutorService 
[INFO] [2017-04-28 12:14:33][org.springframework.context.support.PostProcessorRegistrationDelegate$BeanPostProcessorChecker]Bean 'executor' of type [org.springframework.scheduling.config.TaskExecutorFactoryBean] is not eligible for getting processed by all BeanPostProcessors (for example: not eligible for auto-proxying)
[INFO] [2017-04-28 12:14:33][org.springframework.context.support.PostProcessorRegistrationDelegate$BeanPostProcessorChecker]Bean 'executor' of type [org.springframework.scheduling.concurrent.ThreadPoolTaskExecutor] is not eligible for getting processed by all BeanPostProcessors (for example: not eligible for auto-proxying)
[INFO] [2017-04-28 12:14:33][org.springframework.scheduling.concurrent.ThreadPoolTaskScheduler]Initializing ExecutorService  'scheduler'
[INFO] [2017-04-28 12:14:33][org.springframework.context.support.PostProcessorRegistrationDelegate$BeanPostProcessorChecker]Bean 'scheduler' of type [org.springframework.scheduling.concurrent.ThreadPoolTaskScheduler] is not eligible for getting processed by all BeanPostProcessors (for example: not eligible for auto-proxying)
[INFO] [2017-04-28 12:14:34][com.alibaba.druid.pool.DruidDataSource]{dataSource-1} inited
[INFO] [2017-04-28 12:14:35][org.springframework.web.context.ContextLoader]Root WebApplicationContext: initialization completed in 3748 ms
[INFO] [2017-04-28 12:14:35][org.springframework.web.servlet.DispatcherServlet]FrameworkServlet 'springServlet': initialization started
[INFO] [2017-04-28 12:14:35][org.springframework.web.context.support.XmlWebApplicationContext]Refreshing WebApplicationContext for namespace 'springServlet-servlet': startup date [Fri Apr 28 12:14:35 CST 2017]; parent: Root WebApplicationContext
[INFO] [2017-04-28 12:14:36][org.springframework.beans.factory.xml.XmlBeanDefinitionReader]Loading XML bean definitions from file [/Users/yangxiaoshuo/Desktop/mmybase/mm-web/target/mm-web-1.0/WEB-INF/classes/springmvc.xml]
[INFO] [2017-04-28 12:14:36][org.springframework.beans.factory.annotation.AutowiredAnnotationBeanPostProcessor]JSR-330 'javax.inject.Inject' annotation found and supported for autowiring
[INFO] [2017-04-28 12:14:36][org.springframework.web.servlet.mvc.method.annotation.RequestMappingHandlerMapping]Mapped "{[/user.ac]}" onto public void com.t.controller.UserController.TestUser(javax.servlet.http.HttpServletResponse)
[INFO] [2017-04-28 12:14:36][org.hibernate.validator.internal.util.Version]HV000001: Hibernate Validator 5.4.0.Final
[INFO] [2017-04-28 12:14:38][org.springframework.web.servlet.mvc.method.annotation.RequestMappingHandlerAdapter]Looking for @ControllerAdvice: WebApplicationContext for namespace 'springServlet-servlet': startup date [Fri Apr 28 12:14:35 CST 2017]; parent: Root WebApplicationContext
[INFO] [2017-04-28 12:14:38][org.springframework.web.servlet.mvc.method.annotation.RequestMappingHandlerAdapter]Looking for @ControllerAdvice: WebApplicationContext for namespace 'springServlet-servlet': startup date [Fri Apr 28 12:14:35 CST 2017]; parent: Root WebApplicationContext
[INFO] [2017-04-28 12:14:39][org.springframework.web.servlet.handler.SimpleUrlHandlerMapping]Mapped URL path [/**] onto handler 'org.springframework.web.servlet.resource.DefaultServletHttpRequestHandler#0'
[INFO] [2017-04-28 12:14:39][org.springframework.web.servlet.handler.SimpleUrlHandlerMapping]Mapped URL path [/static/**] onto handler 'org.springframework.web.servlet.resource.ResourceHttpRequestHandler#0'
[INFO] [2017-04-28 12:14:39][org.springframework.web.servlet.handler.SimpleUrlHandlerMapping]Root mapping to handler of type [class org.springframework.web.servlet.mvc.ParameterizableViewController]
[INFO] [2017-04-28 12:14:39][org.springframework.web.servlet.DispatcherServlet]FrameworkServlet 'springServlet': initialization completed in 3700 ms
